2017-12-29 14:34:43,980  INFO WmsApplication:48 - Starting WmsApplication on tong1-PC with PID 9756 (H:\study\WMS_C\target\classes started by Administrator in H:\study\WMS_C)
2017-12-29 14:34:44,009  INFO WmsApplication:597 - The following profiles are active: dev
2017-12-29 14:34:44,302  INFO AnnotationConfigEmbeddedWebApplicationContext:583 - Refreshing org.springframework.boot.context.embedded.AnnotationConfigEmbeddedWebApplicationContext@193c5908: startup date [Fri Dec 29 14:34:44 CST 2017]; root of context hierarchy
2017-12-29 14:34:45,154  INFO Version:30 - HV000001: Hibernate Validator 5.3.6.Final
2017-12-29 14:34:47,230  INFO RepositoryConfigurationDelegate:165 - Multiple Spring Data modules found, entering strict repository configuration mode!
2017-12-29 14:34:49,823  INFO TomcatEmbeddedServletContainer:89 - Tomcat initialized with port(s): 8080 (http)
2017-12-29 14:34:50,054  INFO ContextLoader:276 - Root WebApplicationContext: initialization completed in 5759 ms
2017-12-29 14:34:50,430  INFO ServletRegistrationBean:190 - Mapping servlet: 'dispatcherServlet' to [/]
2017-12-29 14:34:50,435  INFO FilterRegistrationBean:258 - Mapping filter: 'metricsFilter' to: [/*]
2017-12-29 14:34:50,436  INFO FilterRegistrationBean:258 - Mapping filter: 'characterEncodingFilter' to: [/*]
2017-12-29 14:34:50,436  INFO FilterRegistrationBean:258 - Mapping filter: 'hiddenHttpMethodFilter' to: [/*]
2017-12-29 14:34:50,437  INFO FilterRegistrationBean:258 - Mapping filter: 'httpPutFormContentFilter' to: [/*]
2017-12-29 14:34:50,437  INFO FilterRegistrationBean:258 - Mapping filter: 'requestContextFilter' to: [/*]
2017-12-29 14:34:50,437  INFO FilterRegistrationBean:258 - Mapping filter: 'webRequestLoggingFilter' to: [/*]
2017-12-29 14:34:50,449  INFO FilterRegistrationBean:258 - Mapping filter: 'applicationContextIdFilter' to: [/*]
2017-12-29 14:34:51,971  INFO RequestMappingHandlerAdapter:534 - Looking for @ControllerAdvice: org.springframework.boot.context.embedded.AnnotationConfigEmbeddedWebApplicationContext@193c5908: startup date [Fri Dec 29 14:34:44 CST 2017]; root of context hierarchy
2017-12-29 14:34:52,141  INFO RequestMappingHandlerMapping:543 - Mapped "{[/user],methods=[GET]}" onto public com.lion.common.base.repones.PageResponse com.lion.web.controller.main.UserController.findUserPage(javax.servlet.http.HttpServletRequest,com.lion.main.pojo.dto.UserDTO)
2017-12-29 14:34:52,143  INFO RequestMappingHandlerMapping:543 - Mapped "{[/user/{id}],methods=[GET]}" onto public com.lion.main.pojo.UserEntity com.lion.web.controller.main.UserController.findUserById(java.lang.Long)
2017-12-29 14:34:52,144  INFO RequestMappingHandlerMapping:543 - Mapped "{[/user],methods=[POST]}" onto public com.lion.common.base.repones.ResponseResult com.lion.web.controller.main.UserController.addUser(com.lion.main.pojo.dto.UserDTO)
2017-12-29 14:34:52,147  INFO RequestMappingHandlerMapping:543 - Mapped "{[/error]}" onto public org.springframework.http.ResponseEntity<java.util.Map<java.lang.String, java.lang.Object>> org.springframework.boot.autoconfigure.web.BasicErrorController.error(javax.servlet.http.HttpServletRequest)
2017-12-29 14:34:52,148  INFO RequestMappingHandlerMapping:543 - Mapped "{[/error],produces=[text/html]}" onto public org.springframework.web.servlet.ModelAndView org.springframework.boot.autoconfigure.web.BasicErrorController.errorHtml(javax.servlet.http.HttpServletRequest,javax.servlet.http.HttpServletResponse)
2017-12-29 14:34:52,229  INFO SimpleUrlHandlerMapping:362 - Mapped URL path [/webjars/**] onto handler of type [class org.springframework.web.servlet.resource.ResourceHttpRequestHandler]
2017-12-29 14:34:52,229  INFO SimpleUrlHandlerMapping:362 - Mapped URL path [/**] onto handler of type [class org.springframework.web.servlet.resource.ResourceHttpRequestHandler]
2017-12-29 14:34:52,297  INFO SimpleUrlHandlerMapping:362 - Mapped URL path [/**/favicon.ico] onto handler of type [class org.springframework.web.servlet.resource.ResourceHttpRequestHandler]
2017-12-29 14:34:53,341  INFO EndpointHandlerMapping:543 - Mapped "{[/metrics/{name:.*}],methods=[GET],produces=[application/vnd.spring-boot.actuator.v1+json || application/json]}" onto public java.lang.Object org.springframework.boot.actuate.endpoint.mvc.MetricsMvcEndpoint.value(java.lang.String)
2017-12-29 14:34:53,342  INFO EndpointHandlerMapping:543 - Mapped "{[/metrics || /metrics.json],methods=[GET],produces=[application/vnd.spring-boot.actuator.v1+json || application/json]}" onto public java.lang.Object org.springframework.boot.actuate.endpoint.mvc.EndpointMvcAdapter.invoke()
2017-12-29 14:34:53,344  INFO EndpointHandlerMapping:543 - Mapped "{[/env/{name:.*}],methods=[GET],produces=[application/vnd.spring-boot.actuator.v1+json || application/json]}" onto public java.lang.Object org.springframework.boot.actuate.endpoint.mvc.EnvironmentMvcEndpoint.value(java.lang.String)
2017-12-29 14:34:53,344  INFO EndpointHandlerMapping:543 - Mapped "{[/env || /env.json],methods=[GET],produces=[application/vnd.spring-boot.actuator.v1+json || application/json]}" onto public java.lang.Object org.springframework.boot.actuate.endpoint.mvc.EndpointMvcAdapter.invoke()
2017-12-29 14:34:53,346  INFO EndpointHandlerMapping:543 - Mapped "{[/mappings || /mappings.json],methods=[GET],produces=[application/vnd.spring-boot.actuator.v1+json || application/json]}" onto public java.lang.Object org.springframework.boot.actuate.endpoint.mvc.EndpointMvcAdapter.invoke()
2017-12-29 14:34:53,347  INFO EndpointHandlerMapping:543 - Mapped "{[/info || /info.json],methods=[GET],produces=[application/vnd.spring-boot.actuator.v1+json || application/json]}" onto public java.lang.Object org.springframework.boot.actuate.endpoint.mvc.EndpointMvcAdapter.invoke()
2017-12-29 14:34:53,348  INFO EndpointHandlerMapping:543 - Mapped "{[/health || /health.json],methods=[GET],produces=[application/vnd.spring-boot.actuator.v1+json || application/json]}" onto public java.lang.Object org.springframework.boot.actuate.endpoint.mvc.HealthMvcEndpoint.invoke(javax.servlet.http.HttpServletRequest,java.security.Principal)
2017-12-29 14:34:53,349  INFO EndpointHandlerMapping:543 - Mapped "{[/heapdump || /heapdump.json],methods=[GET],produces=[application/octet-stream]}" onto public void org.springframework.boot.actuate.endpoint.mvc.HeapdumpMvcEndpoint.invoke(boolean,javax.servlet.http.HttpServletRequest,javax.servlet.http.HttpServletResponse) throws java.io.IOException,javax.servlet.ServletException
2017-12-29 14:34:53,350  INFO EndpointHandlerMapping:543 - Mapped "{[/dump || /dump.json],methods=[GET],produces=[application/vnd.spring-boot.actuator.v1+json || application/json]}" onto public java.lang.Object org.springframework.boot.actuate.endpoint.mvc.EndpointMvcAdapter.invoke()
2017-12-29 14:34:53,351  INFO EndpointHandlerMapping:543 - Mapped "{[/autoconfig || /autoconfig.json],methods=[GET],produces=[application/vnd.spring-boot.actuator.v1+json || application/json]}" onto public java.lang.Object org.springframework.boot.actuate.endpoint.mvc.EndpointMvcAdapter.invoke()
2017-12-29 14:34:53,352  INFO EndpointHandlerMapping:543 - Mapped "{[/trace || /trace.json],methods=[GET],produces=[application/vnd.spring-boot.actuator.v1+json || application/json]}" onto public java.lang.Object org.springframework.boot.actuate.endpoint.mvc.EndpointMvcAdapter.invoke()
2017-12-29 14:34:53,353  INFO EndpointHandlerMapping:543 - Mapped "{[/auditevents || /auditevents.json],methods=[GET],produces=[application/vnd.spring-boot.actuator.v1+json || application/json]}" onto public org.springframework.http.ResponseEntity<?> org.springframework.boot.actuate.endpoint.mvc.AuditEventsMvcEndpoint.findByPrincipalAndAfterAndType(java.lang.String,java.util.Date,java.lang.String)
2017-12-29 14:34:53,354  INFO EndpointHandlerMapping:543 - Mapped "{[/beans || /beans.json],methods=[GET],produces=[application/vnd.spring-boot.actuator.v1+json || application/json]}" onto public java.lang.Object org.springframework.boot.actuate.endpoint.mvc.EndpointMvcAdapter.invoke()
2017-12-29 14:34:53,355  INFO EndpointHandlerMapping:543 - Mapped "{[/configprops || /configprops.json],methods=[GET],produces=[application/vnd.spring-boot.actuator.v1+json || application/json]}" onto public java.lang.Object org.springframework.boot.actuate.endpoint.mvc.EndpointMvcAdapter.invoke()
2017-12-29 14:34:53,358  INFO EndpointHandlerMapping:543 - Mapped "{[/loggers/{name:.*}],methods=[GET],produces=[application/vnd.spring-boot.actuator.v1+json || application/json]}" onto public java.lang.Object org.springframework.boot.actuate.endpoint.mvc.LoggersMvcEndpoint.get(java.lang.String)
2017-12-29 14:34:53,359  INFO EndpointHandlerMapping:543 - Mapped "{[/loggers/{name:.*}],methods=[POST],consumes=[application/vnd.spring-boot.actuator.v1+json || application/json],produces=[application/vnd.spring-boot.actuator.v1+json || application/json]}" onto public java.lang.Object org.springframework.boot.actuate.endpoint.mvc.LoggersMvcEndpoint.set(java.lang.String,java.util.Map<java.lang.String, java.lang.String>)
2017-12-29 14:34:53,360  INFO EndpointHandlerMapping:543 - Mapped "{[/loggers || /loggers.json],methods=[GET],produces=[application/vnd.spring-boot.actuator.v1+json || application/json]}" onto public java.lang.Object org.springframework.boot.actuate.endpoint.mvc.EndpointMvcAdapter.invoke()
2017-12-29 14:34:53,782  WARN RedisStarterDeprecationWarningAutoConfiguration:43 - spring-boot-starter-redis is deprecated as of Spring Boot 1.4, please migrate to spring-boot-starter-data-redis
2017-12-29 14:34:54,010  INFO AnnotationMBeanExporter:431 - Registering beans for JMX exposure on startup
2017-12-29 14:34:54,011  INFO AnnotationMBeanExporter:916 - Bean with name 'dataSource' has been autodetected for JMX exposure
2017-12-29 14:34:54,019  INFO AnnotationMBeanExporter:671 - Located MBean 'dataSource': registering with JMX server as MBean [com.alibaba.druid.pool:name=dataSource,type=DruidDataSource]
2017-12-29 14:34:54,029  INFO EndpointMBeanExporter:431 - Registering beans for JMX exposure on startup
2017-12-29 14:34:54,051  INFO DefaultLifecycleProcessor:343 - Starting beans in phase 0
2017-12-29 14:34:54,052  INFO EndpointMBeanExporter:678 - Located managed bean 'auditEventsEndpoint': registering with JMX server as MBean [org.springframework.boot:type=Endpoint,name=auditEventsEndpoint]
2017-12-29 14:34:54,082  INFO EndpointMBeanExporter:678 - Located managed bean 'requestMappingEndpoint': registering with JMX server as MBean [org.springframework.boot:type=Endpoint,name=requestMappingEndpoint]
2017-12-29 14:34:54,100  INFO EndpointMBeanExporter:678 - Located managed bean 'environmentEndpoint': registering with JMX server as MBean [org.springframework.boot:type=Endpoint,name=environmentEndpoint]
2017-12-29 14:34:54,109  INFO EndpointMBeanExporter:678 - Located managed bean 'healthEndpoint': registering with JMX server as MBean [org.springframework.boot:type=Endpoint,name=healthEndpoint]
2017-12-29 14:34:54,115  INFO EndpointMBeanExporter:678 - Located managed bean 'beansEndpoint': registering with JMX server as MBean [org.springframework.boot:type=Endpoint,name=beansEndpoint]
2017-12-29 14:34:54,121  INFO EndpointMBeanExporter:678 - Located managed bean 'infoEndpoint': registering with JMX server as MBean [org.springframework.boot:type=Endpoint,name=infoEndpoint]
2017-12-29 14:34:54,127  INFO EndpointMBeanExporter:678 - Located managed bean 'loggersEndpoint': registering with JMX server as MBean [org.springframework.boot:type=Endpoint,name=loggersEndpoint]
2017-12-29 14:34:54,136  INFO EndpointMBeanExporter:678 - Located managed bean 'metricsEndpoint': registering with JMX server as MBean [org.springframework.boot:type=Endpoint,name=metricsEndpoint]
2017-12-29 14:34:54,141  INFO EndpointMBeanExporter:678 - Located managed bean 'traceEndpoint': registering with JMX server as MBean [org.springframework.boot:type=Endpoint,name=traceEndpoint]
2017-12-29 14:34:54,151  INFO EndpointMBeanExporter:678 - Located managed bean 'dumpEndpoint': registering with JMX server as MBean [org.springframework.boot:type=Endpoint,name=dumpEndpoint]
2017-12-29 14:34:54,155  INFO EndpointMBeanExporter:678 - Located managed bean 'autoConfigurationReportEndpoint': registering with JMX server as MBean [org.springframework.boot:type=Endpoint,name=autoConfigurationReportEndpoint]
2017-12-29 14:34:54,160  INFO EndpointMBeanExporter:678 - Located managed bean 'configurationPropertiesReportEndpoint': registering with JMX server as MBean [org.springframework.boot:type=Endpoint,name=configurationPropertiesReportEndpoint]
2017-12-29 14:34:54,164  INFO DefaultLifecycleProcessor:343 - Starting beans in phase 2147483647
2017-12-29 14:34:54,326  INFO TomcatEmbeddedServletContainer:201 - Tomcat started on port(s): 8080 (http)
2017-12-29 14:34:54,332  INFO WmsApplication:57 - Started WmsApplication in 11.39 seconds (JVM running for 13.43)
2017-12-29 14:36:08,931  INFO DispatcherServlet:489 - FrameworkServlet 'dispatcherServlet': initialization started
2017-12-29 14:36:08,955  INFO DispatcherServlet:508 - FrameworkServlet 'dispatcherServlet': initialization completed in 23 ms
2017-12-29 14:36:27,025  INFO DruidDataSource:638 - {dataSource-1} inited
2017-12-29 15:08:13,650  INFO MvcEndpointSecurityInterceptor:122 - Full authentication is required to access actuator endpoints. Consider adding Spring Security or set 'management.security.enabled' to false.
2017-12-29 15:11:32,447  INFO WmsApplication:48 - Starting WmsApplication on tong1-PC with PID 8976 (H:\study\WMS_C\target\classes started by Administrator in H:\study\WMS_C)
2017-12-29 15:11:32,458  INFO WmsApplication:597 - The following profiles are active: dev
2017-12-29 15:11:33,607  INFO Version:30 - HV000001: Hibernate Validator 5.3.6.Final
2017-12-29 15:11:33,711  INFO AnnotationConfigEmbeddedWebApplicationContext:583 - Refreshing org.springframework.boot.context.embedded.AnnotationConfigEmbeddedWebApplicationContext@76c8cd: startup date [Fri Dec 29 15:11:33 CST 2017]; root of context hierarchy
2017-12-29 15:11:37,156  INFO RepositoryConfigurationDelegate:165 - Multiple Spring Data modules found, entering strict repository configuration mode!
2017-12-29 15:11:38,863  INFO TomcatEmbeddedServletContainer:89 - Tomcat initialized with port(s): 8080 (http)
2017-12-29 15:11:39,117  INFO ContextLoader:276 - Root WebApplicationContext: initialization completed in 5468 ms
2017-12-29 15:11:39,331  INFO ServletRegistrationBean:190 - Mapping servlet: 'dispatcherServlet' to [/]
2017-12-29 15:11:39,334  INFO FilterRegistrationBean:258 - Mapping filter: 'metricsFilter' to: [/*]
2017-12-29 15:11:39,335  INFO FilterRegistrationBean:258 - Mapping filter: 'characterEncodingFilter' to: [/*]
2017-12-29 15:11:39,335  INFO FilterRegistrationBean:258 - Mapping filter: 'hiddenHttpMethodFilter' to: [/*]
2017-12-29 15:11:39,335  INFO FilterRegistrationBean:258 - Mapping filter: 'httpPutFormContentFilter' to: [/*]
2017-12-29 15:11:39,335  INFO FilterRegistrationBean:258 - Mapping filter: 'requestContextFilter' to: [/*]
2017-12-29 15:11:39,336  INFO FilterRegistrationBean:258 - Mapping filter: 'webRequestLoggingFilter' to: [/*]
2017-12-29 15:11:39,336  INFO FilterRegistrationBean:258 - Mapping filter: 'applicationContextIdFilter' to: [/*]
2017-12-29 15:11:40,541  INFO RequestMappingHandlerAdapter:534 - Looking for @ControllerAdvice: org.springframework.boot.context.embedded.AnnotationConfigEmbeddedWebApplicationContext@76c8cd: startup date [Fri Dec 29 15:11:33 CST 2017]; root of context hierarchy
2017-12-29 15:11:40,606  INFO RequestMappingHandlerMapping:543 - Mapped "{[/user],methods=[POST]}" onto public com.lion.common.base.repones.ResponseResult com.lion.web.controller.main.UserController.addUser(com.lion.main.pojo.dto.UserDTO)
2017-12-29 15:11:40,607  INFO RequestMappingHandlerMapping:543 - Mapped "{[/user/{id}],methods=[GET]}" onto public com.lion.main.pojo.UserEntity com.lion.web.controller.main.UserController.findUserById(java.lang.Long)
2017-12-29 15:11:40,607  INFO RequestMappingHandlerMapping:543 - Mapped "{[/user],methods=[GET]}" onto public com.lion.common.base.repones.PageResponse com.lion.web.controller.main.UserController.findUserPage(javax.servlet.http.HttpServletRequest,com.lion.main.pojo.dto.UserDTO)
2017-12-29 15:11:40,610  INFO RequestMappingHandlerMapping:543 - Mapped "{[/error]}" onto public org.springframework.http.ResponseEntity<java.util.Map<java.lang.String, java.lang.Object>> org.springframework.boot.autoconfigure.web.BasicErrorController.error(javax.servlet.http.HttpServletRequest)
2017-12-29 15:11:40,610  INFO RequestMappingHandlerMapping:543 - Mapped "{[/error],produces=[text/html]}" onto public org.springframework.web.servlet.ModelAndView org.springframework.boot.autoconfigure.web.BasicErrorController.errorHtml(javax.servlet.http.HttpServletRequest,javax.servlet.http.HttpServletResponse)
2017-12-29 15:11:40,638  INFO SimpleUrlHandlerMapping:362 - Mapped URL path [/webjars/**] onto handler of type [class org.springframework.web.servlet.resource.ResourceHttpRequestHandler]
2017-12-29 15:11:40,639  INFO SimpleUrlHandlerMapping:362 - Mapped URL path [/**] onto handler of type [class org.springframework.web.servlet.resource.ResourceHttpRequestHandler]
2017-12-29 15:11:40,685  INFO SimpleUrlHandlerMapping:362 - Mapped URL path [/**/favicon.ico] onto handler of type [class org.springframework.web.servlet.resource.ResourceHttpRequestHandler]
2017-12-29 15:11:41,496  INFO EndpointHandlerMapping:543 - Mapped "{[/heapdump || /heapdump.json],methods=[GET],produces=[application/octet-stream]}" onto public void org.springframework.boot.actuate.endpoint.mvc.HeapdumpMvcEndpoint.invoke(boolean,javax.servlet.http.HttpServletRequest,javax.servlet.http.HttpServletResponse) throws java.io.IOException,javax.servlet.ServletException
2017-12-29 15:11:41,497  INFO EndpointHandlerMapping:543 - Mapped "{[/metrics/{name:.*}],methods=[GET],produces=[application/vnd.spring-boot.actuator.v1+json || application/json]}" onto public java.lang.Object org.springframework.boot.actuate.endpoint.mvc.MetricsMvcEndpoint.value(java.lang.String)
2017-12-29 15:11:41,497  INFO EndpointHandlerMapping:543 - Mapped "{[/metrics || /metrics.json],methods=[GET],produces=[application/vnd.spring-boot.actuator.v1+json || application/json]}" onto public java.lang.Object org.springframework.boot.actuate.endpoint.mvc.EndpointMvcAdapter.invoke()
2017-12-29 15:11:41,498  INFO EndpointHandlerMapping:543 - Mapped "{[/autoconfig || /autoconfig.json],methods=[GET],produces=[application/vnd.spring-boot.actuator.v1+json || application/json]}" onto public java.lang.Object org.springframework.boot.actuate.endpoint.mvc.EndpointMvcAdapter.invoke()
2017-12-29 15:11:41,498  INFO EndpointHandlerMapping:543 - Mapped "{[/mappings || /mappings.json],methods=[GET],produces=[application/vnd.spring-boot.actuator.v1+json || application/json]}" onto public java.lang.Object org.springframework.boot.actuate.endpoint.mvc.EndpointMvcAdapter.invoke()
2017-12-29 15:11:41,499  INFO EndpointHandlerMapping:543 - Mapped "{[/trace || /trace.json],methods=[GET],produces=[application/vnd.spring-boot.actuator.v1+json || application/json]}" onto public java.lang.Object org.springframework.boot.actuate.endpoint.mvc.EndpointMvcAdapter.invoke()
2017-12-29 15:11:41,499  INFO EndpointHandlerMapping:543 - Mapped "{[/configprops || /configprops.json],methods=[GET],produces=[application/vnd.spring-boot.actuator.v1+json || application/json]}" onto public java.lang.Object org.springframework.boot.actuate.endpoint.mvc.EndpointMvcAdapter.invoke()
2017-12-29 15:11:41,499  INFO EndpointHandlerMapping:543 - Mapped "{[/dump || /dump.json],methods=[GET],produces=[application/vnd.spring-boot.actuator.v1+json || application/json]}" onto public java.lang.Object org.springframework.boot.actuate.endpoint.mvc.EndpointMvcAdapter.invoke()
2017-12-29 15:11:41,500  INFO EndpointHandlerMapping:543 - Mapped "{[/beans || /beans.json],methods=[GET],produces=[application/vnd.spring-boot.actuator.v1+json || application/json]}" onto public java.lang.Object org.springframework.boot.actuate.endpoint.mvc.EndpointMvcAdapter.invoke()
2017-12-29 15:11:41,501  INFO EndpointHandlerMapping:543 - Mapped "{[/env/{name:.*}],methods=[GET],produces=[application/vnd.spring-boot.actuator.v1+json || application/json]}" onto public java.lang.Object org.springframework.boot.actuate.endpoint.mvc.EnvironmentMvcEndpoint.value(java.lang.String)
2017-12-29 15:11:41,501  INFO EndpointHandlerMapping:543 - Mapped "{[/env || /env.json],methods=[GET],produces=[application/vnd.spring-boot.actuator.v1+json || application/json]}" onto public java.lang.Object org.springframework.boot.actuate.endpoint.mvc.EndpointMvcAdapter.invoke()
2017-12-29 15:11:41,501  INFO EndpointHandlerMapping:543 - Mapped "{[/health || /health.json],methods=[GET],produces=[application/vnd.spring-boot.actuator.v1+json || application/json]}" onto public java.lang.Object org.springframework.boot.actuate.endpoint.mvc.HealthMvcEndpoint.invoke(javax.servlet.http.HttpServletRequest,java.security.Principal)
2017-12-29 15:11:41,502  INFO EndpointHandlerMapping:543 - Mapped "{[/auditevents || /auditevents.json],methods=[GET],produces=[application/vnd.spring-boot.actuator.v1+json || application/json]}" onto public org.springframework.http.ResponseEntity<?> org.springframework.boot.actuate.endpoint.mvc.AuditEventsMvcEndpoint.findByPrincipalAndAfterAndType(java.lang.String,java.util.Date,java.lang.String)
2017-12-29 15:11:41,503  INFO EndpointHandlerMapping:543 - Mapped "{[/loggers/{name:.*}],methods=[GET],produces=[application/vnd.spring-boot.actuator.v1+json || application/json]}" onto public java.lang.Object org.springframework.boot.actuate.endpoint.mvc.LoggersMvcEndpoint.get(java.lang.String)
2017-12-29 15:11:41,504  INFO EndpointHandlerMapping:543 - Mapped "{[/loggers/{name:.*}],methods=[POST],consumes=[application/vnd.spring-boot.actuator.v1+json || application/json],produces=[application/vnd.spring-boot.actuator.v1+json || application/json]}" onto public java.lang.Object org.springframework.boot.actuate.endpoint.mvc.LoggersMvcEndpoint.set(java.lang.String,java.util.Map<java.lang.String, java.lang.String>)
2017-12-29 15:11:41,504  INFO EndpointHandlerMapping:543 - Mapped "{[/loggers || /loggers.json],methods=[GET],produces=[application/vnd.spring-boot.actuator.v1+json || application/json]}" onto public java.lang.Object org.springframework.boot.actuate.endpoint.mvc.EndpointMvcAdapter.invoke()
2017-12-29 15:11:41,504  INFO EndpointHandlerMapping:543 - Mapped "{[/info || /info.json],methods=[GET],produces=[application/vnd.spring-boot.actuator.v1+json || application/json]}" onto public java.lang.Object org.springframework.boot.actuate.endpoint.mvc.EndpointMvcAdapter.invoke()
2017-12-29 15:11:41,951  WARN RedisStarterDeprecationWarningAutoConfiguration:43 - spring-boot-starter-redis is deprecated as of Spring Boot 1.4, please migrate to spring-boot-starter-data-redis
2017-12-29 15:11:42,035  INFO AnnotationMBeanExporter:431 - Registering beans for JMX exposure on startup
2017-12-29 15:11:42,045  INFO AnnotationMBeanExporter:916 - Bean with name 'dataSource' has been autodetected for JMX exposure
2017-12-29 15:11:42,050  INFO AnnotationMBeanExporter:671 - Located MBean 'dataSource': registering with JMX server as MBean [com.alibaba.druid.pool:name=dataSource,type=DruidDataSource]
2017-12-29 15:11:42,063  INFO EndpointMBeanExporter:431 - Registering beans for JMX exposure on startup
2017-12-29 15:11:42,078  INFO DefaultLifecycleProcessor:343 - Starting beans in phase 0
2017-12-29 15:11:42,079  INFO EndpointMBeanExporter:678 - Located managed bean 'auditEventsEndpoint': registering with JMX server as MBean [org.springframework.boot:type=Endpoint,name=auditEventsEndpoint]
2017-12-29 15:11:42,113  INFO EndpointMBeanExporter:678 - Located managed bean 'requestMappingEndpoint': registering with JMX server as MBean [org.springframework.boot:type=Endpoint,name=requestMappingEndpoint]
2017-12-29 15:11:42,120  INFO EndpointMBeanExporter:678 - Located managed bean 'environmentEndpoint': registering with JMX server as MBean [org.springframework.boot:type=Endpoint,name=environmentEndpoint]
2017-12-29 15:11:42,123  INFO EndpointMBeanExporter:678 - Located managed bean 'healthEndpoint': registering with JMX server as MBean [org.springframework.boot:type=Endpoint,name=healthEndpoint]
2017-12-29 15:11:42,125  INFO EndpointMBeanExporter:678 - Located managed bean 'beansEndpoint': registering with JMX server as MBean [org.springframework.boot:type=Endpoint,name=beansEndpoint]
2017-12-29 15:11:42,127  INFO EndpointMBeanExporter:678 - Located managed bean 'infoEndpoint': registering with JMX server as MBean [org.springframework.boot:type=Endpoint,name=infoEndpoint]
2017-12-29 15:11:42,130  INFO EndpointMBeanExporter:678 - Located managed bean 'loggersEndpoint': registering with JMX server as MBean [org.springframework.boot:type=Endpoint,name=loggersEndpoint]
2017-12-29 15:11:42,138  INFO EndpointMBeanExporter:678 - Located managed bean 'metricsEndpoint': registering with JMX server as MBean [org.springframework.boot:type=Endpoint,name=metricsEndpoint]
2017-12-29 15:11:42,140  INFO EndpointMBeanExporter:678 - Located managed bean 'traceEndpoint': registering with JMX server as MBean [org.springframework.boot:type=Endpoint,name=traceEndpoint]
2017-12-29 15:11:42,142  INFO EndpointMBeanExporter:678 - Located managed bean 'dumpEndpoint': registering with JMX server as MBean [org.springframework.boot:type=Endpoint,name=dumpEndpoint]
2017-12-29 15:11:42,144  INFO EndpointMBeanExporter:678 - Located managed bean 'autoConfigurationReportEndpoint': registering with JMX server as MBean [org.springframework.boot:type=Endpoint,name=autoConfigurationReportEndpoint]
2017-12-29 15:11:42,146  INFO EndpointMBeanExporter:678 - Located managed bean 'configurationPropertiesReportEndpoint': registering with JMX server as MBean [org.springframework.boot:type=Endpoint,name=configurationPropertiesReportEndpoint]
2017-12-29 15:11:42,148  INFO DefaultLifecycleProcessor:343 - Starting beans in phase 2147483647
2017-12-29 15:11:42,242  INFO TomcatEmbeddedServletContainer:201 - Tomcat started on port(s): 8080 (http)
2017-12-29 15:11:42,246  INFO WmsApplication:57 - Started WmsApplication in 12.634 seconds (JVM running for 19.709)
2017-12-29 15:12:01,042  INFO DispatcherServlet:489 - FrameworkServlet 'dispatcherServlet': initialization started
2017-12-29 15:12:01,063  INFO DispatcherServlet:508 - FrameworkServlet 'dispatcherServlet': initialization completed in 21 ms
2017-12-29 15:12:01,931  INFO DruidDataSource:638 - {dataSource-1} inited
